Using CUDA
--- [val] Dataset Loaded ---
Total: 600 | Real: 600 | Fake: 0
--- [test] Dataset Loaded ---
Total: 1000 | Real: 500 | Fake: 500
--- Starting Calibration on 600 Real Images ---
Calibration Done. Threshold (2-sigma): 0.624372
--- Evaluating 1000 Mixed Images ---

=============================================
      DETECTION PERFORMANCE SUMMARY
=============================================
Accuracy:  0.5650
Precision: 0.8037
Recall:    0.1720
F1-Score:  0.2834
ROC AUC:   0.5753

Detailed Classification Report:
              precision    recall  f1-score   support

        Real       0.54      0.96      0.69       500
        Fake       0.80      0.17      0.28       500

    accuracy                           0.56      1000
   macro avg       0.67      0.56      0.49      1000
weighted avg       0.67      0.56      0.49      1000

--- [test] Dataset Loaded ---
Total: 1000 | Real: 500 | Fake: 500

[3/3] Saving 5 Patch-Error Grids to 'heatmaps_raw/'...
Maps saved.
Distribution plot saved as error_distribution.png
Experiment summary saved to experiment_summary.txt
