Using CUDA
--- [val] Dataset Loaded ---
Total: 600 | Real: 600 | Fake: 0
--- [test] Dataset Loaded ---
Total: 1000 | Real: 500 | Fake: 500
--- Starting Calibration on 600 Real Images ---
Calibration Done. Threshold (1-sigma): 0.456009
--- Evaluating 1000 Mixed Images ---

=============================================
      DETECTION PERFORMANCE SUMMARY
=============================================
Accuracy:  0.5810
Precision: 0.6640
Recall:    0.3280
F1-Score:  0.4391
ROC AUC:   0.5706

Detailed Classification Report:
              precision    recall  f1-score   support

        Real       0.55      0.83      0.67       500
        Fake       0.66      0.33      0.44       500

    accuracy                           0.58      1000
   macro avg       0.61      0.58      0.55      1000
weighted avg       0.61      0.58      0.55      1000

--- [test] Dataset Loaded ---
Total: 1000 | Real: 500 | Fake: 500
--- Generating 5 Heatmaps ---
[✔] Heatmaps saved in the 'heatmaps/' directory.
Distribution plot saved as error_distribution.png
Experiment summary saved to experiment_summary.txt
