You are using a model of type vit_mae to instantiate a model of type vit. This is not supported for all configurations of models and can yield errors.
Some weights of ViTForImageClassification were not initialized from the model checkpoint at /home/le.song/mae_fidd_model and are newly initialized: ['classifier.bias', 'classifier.weight']
You should probably TRAIN this model on a down-stream task to be able to use it for predictions and inference.
Using CUDA
--- Preparing Data ---
--- Starting Supervised Training (Linear Probing) ---
Epoch [1/20] (111.8s) | Train Loss: 0.6401 | Val Loss: 0.5849 | Val Acc: 70.64%
  --> Saved new best model (Val Loss: 0.5849)
Epoch [2/20] (93.1s) | Train Loss: 0.5728 | Val Loss: 0.5283 | Val Acc: 80.20%
  --> Saved new best model (Val Loss: 0.5283)
Epoch [3/20] (96.3s) | Train Loss: 0.5246 | Val Loss: 0.4860 | Val Acc: 81.98%
  --> Saved new best model (Val Loss: 0.4860)
Epoch [4/20] (97.0s) | Train Loss: 0.4920 | Val Loss: 0.4549 | Val Acc: 82.49%
  --> Saved new best model (Val Loss: 0.4549)
Epoch [5/20] (95.5s) | Train Loss: 0.4653 | Val Loss: 0.4334 | Val Acc: 84.18%
  --> Saved new best model (Val Loss: 0.4334)
Epoch [6/20] (97.5s) | Train Loss: 0.4455 | Val Loss: 0.4131 | Val Acc: 84.09%
  --> Saved new best model (Val Loss: 0.4131)
Epoch [7/20] (95.3s) | Train Loss: 0.4310 | Val Loss: 0.3980 | Val Acc: 84.86%
  --> Saved new best model (Val Loss: 0.3980)
Epoch [8/20] (94.0s) | Train Loss: 0.4174 | Val Loss: 0.3849 | Val Acc: 85.19%
  --> Saved new best model (Val Loss: 0.3849)
Epoch [9/20] (96.8s) | Train Loss: 0.4048 | Val Loss: 0.3732 | Val Acc: 85.53%
  --> Saved new best model (Val Loss: 0.3732)
Epoch [10/20] (95.3s) | Train Loss: 0.3962 | Val Loss: 0.3634 | Val Acc: 86.13%
  --> Saved new best model (Val Loss: 0.3634)
Epoch [11/20] (93.9s) | Train Loss: 0.3866 | Val Loss: 0.3565 | Val Acc: 86.72%
  --> Saved new best model (Val Loss: 0.3565)
Epoch [12/20] (97.0s) | Train Loss: 0.3780 | Val Loss: 0.3477 | Val Acc: 86.72%
  --> Saved new best model (Val Loss: 0.3477)
Epoch [13/20] (92.9s) | Train Loss: 0.3718 | Val Loss: 0.3408 | Val Acc: 86.89%
  --> Saved new best model (Val Loss: 0.3408)
Epoch [14/20] (92.5s) | Train Loss: 0.3634 | Val Loss: 0.3350 | Val Acc: 87.06%
  --> Saved new best model (Val Loss: 0.3350)
Epoch [15/20] (92.4s) | Train Loss: 0.3575 | Val Loss: 0.3284 | Val Acc: 87.23%
  --> Saved new best model (Val Loss: 0.3284)
Epoch [16/20] (93.3s) | Train Loss: 0.3518 | Val Loss: 0.3228 | Val Acc: 87.39%
  --> Saved new best model (Val Loss: 0.3228)
Epoch [17/20] (94.0s) | Train Loss: 0.3484 | Val Loss: 0.3176 | Val Acc: 87.73%
  --> Saved new best model (Val Loss: 0.3176)
Epoch [18/20] (92.7s) | Train Loss: 0.3426 | Val Loss: 0.3128 | Val Acc: 88.07%
  --> Saved new best model (Val Loss: 0.3128)
Epoch [19/20] (93.0s) | Train Loss: 0.3379 | Val Loss: 0.3092 | Val Acc: 88.32%
  --> Saved new best model (Val Loss: 0.3092)
Epoch [20/20] (94.4s) | Train Loss: 0.3329 | Val Loss: 0.3061 | Val Acc: 87.82%
  --> Saved new best model (Val Loss: 0.3061)

==============================
FINAL CLASSIFICATION REPORT
==============================
              precision    recall  f1-score   support

        Real       0.86      0.80      0.83       432
        Fake       0.89      0.93      0.91       750

    accuracy                           0.88      1182
   macro avg       0.87      0.86      0.87      1182
weighted avg       0.88      0.88      0.88      1182

Training curves saved as 'supervised_training_curves.png'
--- Loading Best Model from /home/le.song/cls_classifier_model ---
--- Evaluating on 1250 Test Images ---

=============================================
      SUPERVISED TEST PERFORMANCE
=============================================
Accuracy:  0.8744
Precision: 0.8767
Recall:    0.9200
F1-Score:  0.8979

Detailed Report:
              precision    recall  f1-score   support

        Real       0.87      0.81      0.84       500
        Fake       0.88      0.92      0.90       750

    accuracy                           0.87      1250
   macro avg       0.87      0.86      0.87      1250
weighted avg       0.87      0.87      0.87      1250

Summary saved to supervised_test_summary.txt
--- Generating 5 Real and 5 Fake Supervised Heatmaps ---
Supervised heatmaps saved in 'supervised_heatmaps/'

[STAGES 2 COMPLETE] All results, models, and heatmaps have been saved.
